<?xml version="1.0" encoding="UTF-8"?>
<!-- Generated by org.testng.reporters.JUnitXMLReporter -->
<testsuite ignored="0" hostname="Rahul-MacBook-Air.local" failures="0" tests="4" name="Default test" time="38.134" errors="0" timestamp="2026-02-11T21:44:56 IST">
  <testcase classname="tests.LoginTest" name="endtoEndTest" time="10.572"/>
  <testcase classname="tests.LoginTest" name="endtoEndTest" time="0.214"/>
  <testcase classname="tests.LoginTest" name="endtoEndTest" time="10.536"/>
  <testcase classname="tests.LoginTest" name="endtoEndTest" time="10.535"/>
</testsuite> <!-- Default test -->
