<?xml version="1.0" encoding="UTF-8"?>
<testng-results ignored="0" total="4" passed="4" failed="0" skipped="0">
  <reporter-output>
  </reporter-output>
  <suite started-at="2026-02-11T21:44:18 IST" name="Default suite" finished-at="2026-02-11T21:44:56 IST" duration-ms="38134">
    <groups>
    </groups>
    <test started-at="2026-02-11T21:44:18 IST" name="Default test" finished-at="2026-02-11T21:44:56 IST" duration-ms="38134">
      <class name="tests.LoginTest">
        <test-method is-config="true" signature="startReport()[pri:0, instance:tests.LoginTest@7e07db1f]" started-at="2026-02-11T21:44:18 IST" name="startReport" finished-at="2026-02-11T21:44:18 IST" duration-ms="121" status="PASS">
          <reporter-output>
          </reporter-output>
        </test-method> <!-- startReport -->
        <test-method is-config="true" signature="setup()[pri:0, instance:tests.LoginTest@7e07db1f]" started-at="2026-02-11T21:44:18 IST" name="setup" finished-at="2026-02-11T21:44:20 IST" duration-ms="1633" status="PASS">
          <reporter-output>
          </reporter-output>
        </test-method> <!-- setup -->
        <test-method signature="endtoEndTest(java.lang.String,java.lang.String,java.lang.String,java.lang.String,java.lang.String,java.lang.String)[pri:0, instance:tests.LoginTest@7e07db1f]" started-at="2026-02-11T21:44:20 IST" name="endtoEndTest" data-provider="loginData" finished-at="2026-02-11T21:44:31 IST" duration-ms="10572" status="PASS">
          <params>
            <param index="0">
              <value>
                <![CDATA[user_1]]>
              </value>
            </param>
            <param index="1">
              <value>
                <![CDATA[demo]]>
              </value>
            </param>
            <param index="2">
              <value>
                <![CDATA[Rahul]]>
              </value>
            </param>
            <param index="3">
              <value>
                <![CDATA[Kumar]]>
              </value>
            </param>
            <param index="4">
              <value>
                <![CDATA[411001]]>
              </value>
            </param>
            <param index="5">
              <value>
                <![CDATA[]]>
              </value>
            </param>
          </params>
          <reporter-output>
          </reporter-output>
        </test-method> <!-- endtoEndTest -->
        <test-method is-config="true" signature="tearDown(org.testng.ITestResult)[pri:0, instance:tests.LoginTest@7e07db1f]" started-at="2026-02-11T21:44:31 IST" name="tearDown" finished-at="2026-02-11T21:44:31 IST" duration-ms="104" status="PASS">
          <params>
            <param index="0">
              <value>
                <![CDATA[[TestResult name=endtoEndTest status=SUCCESS method=LoginTest.endtoEndTest(java.lang.String,java.lang.String,java.lang.String,java.lang.String,java.lang.String,java.lang.String)[pri:0, instance:tests.LoginTest@7e07db1f] output={null}]]]>
              </value>
            </param>
          </params>
          <reporter-output>
          </reporter-output>
        </test-method> <!-- tearDown -->
        <test-method is-config="true" signature="setup()[pri:0, instance:tests.LoginTest@7e07db1f]" started-at="2026-02-11T21:44:31 IST" name="setup" finished-at="2026-02-11T21:44:32 IST" duration-ms="1047" status="PASS">
          <reporter-output>
          </reporter-output>
        </test-method> <!-- setup -->
        <test-method signature="endtoEndTest(java.lang.String,java.lang.String,java.lang.String,java.lang.String,java.lang.String,java.lang.String)[pri:0, instance:tests.LoginTest@7e07db1f]" started-at="2026-02-11T21:44:32 IST" name="endtoEndTest" data-provider="loginData" finished-at="2026-02-11T21:44:32 IST" duration-ms="214" status="PASS">
          <params>
            <param index="0">
              <value>
                <![CDATA[standard_user]]>
              </value>
            </param>
            <param index="1">
              <value>
                <![CDATA[secret_sauce]]>
              </value>
            </param>
            <param index="2">
              <value>
                <![CDATA[Rahul]]>
              </value>
            </param>
            <param index="3">
              <value>
                <![CDATA[Kumar]]>
              </value>
            </param>
            <param index="4">
              <value>
                <![CDATA[411002]]>
              </value>
            </param>
            <param index="5">
              <value>
                <![CDATA[]]>
              </value>
            </param>
          </params>
          <reporter-output>
          </reporter-output>
        </test-method> <!-- endtoEndTest -->
        <test-method is-config="true" signature="tearDown(org.testng.ITestResult)[pri:0, instance:tests.LoginTest@7e07db1f]" started-at="2026-02-11T21:44:32 IST" name="tearDown" finished-at="2026-02-11T21:44:32 IST" duration-ms="87" status="PASS">
          <params>
            <param index="0">
              <value>
                <![CDATA[[TestResult name=endtoEndTest status=SUCCESS method=LoginTest.endtoEndTest(java.lang.String,java.lang.String,java.lang.String,java.lang.String,java.lang.String,java.lang.String)[pri:0, instance:tests.LoginTest@7e07db1f] output={null}]]]>
              </value>
            </param>
          </params>
          <reporter-output>
          </reporter-output>
        </test-method> <!-- tearDown -->
        <test-method is-config="true" signature="setup()[pri:0, instance:tests.LoginTest@7e07db1f]" started-at="2026-02-11T21:44:32 IST" name="setup" finished-at="2026-02-11T21:44:33 IST" duration-ms="1422" status="PASS">
          <reporter-output>
          </reporter-output>
        </test-method> <!-- setup -->
        <test-method signature="endtoEndTest(java.lang.String,java.lang.String,java.lang.String,java.lang.String,java.lang.String,java.lang.String)[pri:0, instance:tests.LoginTest@7e07db1f]" started-at="2026-02-11T21:44:33 IST" name="endtoEndTest" data-provider="loginData" finished-at="2026-02-11T21:44:44 IST" duration-ms="10536" status="PASS">
          <params>
            <param index="0">
              <value>
                <![CDATA[user_2]]>
              </value>
            </param>
            <param index="1">
              <value>
                <![CDATA[secret_sauce]]>
              </value>
            </param>
            <param index="2">
              <value>
                <![CDATA[Rahul]]>
              </value>
            </param>
            <param index="3">
              <value>
                <![CDATA[Kumar]]>
              </value>
            </param>
            <param index="4">
              <value>
                <![CDATA[411003]]>
              </value>
            </param>
            <param index="5">
              <value>
                <![CDATA[]]>
              </value>
            </param>
          </params>
          <reporter-output>
          </reporter-output>
        </test-method> <!-- endtoEndTest -->
        <test-method is-config="true" signature="tearDown(org.testng.ITestResult)[pri:0, instance:tests.LoginTest@7e07db1f]" started-at="2026-02-11T21:44:44 IST" name="tearDown" finished-at="2026-02-11T21:44:44 IST" duration-ms="98" status="PASS">
          <params>
            <param index="0">
              <value>
                <![CDATA[[TestResult name=endtoEndTest status=SUCCESS method=LoginTest.endtoEndTest(java.lang.String,java.lang.String,java.lang.String,java.lang.String,java.lang.String,java.lang.String)[pri:0, instance:tests.LoginTest@7e07db1f] output={null}]]]>
              </value>
            </param>
          </params>
          <reporter-output>
          </reporter-output>
        </test-method> <!-- tearDown -->
        <test-method is-config="true" signature="setup()[pri:0, instance:tests.LoginTest@7e07db1f]" started-at="2026-02-11T21:44:44 IST" name="setup" finished-at="2026-02-11T21:44:45 IST" duration-ms="1378" status="PASS">
          <reporter-output>
          </reporter-output>
        </test-method> <!-- setup -->
        <test-method signature="endtoEndTest(java.lang.String,java.lang.String,java.lang.String,java.lang.String,java.lang.String,java.lang.String)[pri:0, instance:tests.LoginTest@7e07db1f]" started-at="2026-02-11T21:44:45 IST" name="endtoEndTest" data-provider="loginData" finished-at="2026-02-11T21:44:56 IST" duration-ms="10535" status="PASS">
          <params>
            <param index="0">
              <value>
                <![CDATA[problem_user]]>
              </value>
            </param>
            <param index="1">
              <value>
                <![CDATA[secret]]>
              </value>
            </param>
            <param index="2">
              <value>
                <![CDATA[Rahul]]>
              </value>
            </param>
            <param index="3">
              <value>
                <![CDATA[Kumar]]>
              </value>
            </param>
            <param index="4">
              <value>
                <![CDATA[411004]]>
              </value>
            </param>
            <param index="5">
              <value>
                <![CDATA[]]>
              </value>
            </param>
          </params>
          <reporter-output>
          </reporter-output>
        </test-method> <!-- endtoEndTest -->
        <test-method is-config="true" signature="tearDown(org.testng.ITestResult)[pri:0, instance:tests.LoginTest@7e07db1f]" started-at="2026-02-11T21:44:56 IST" name="tearDown" finished-at="2026-02-11T21:44:56 IST" duration-ms="98" status="PASS">
          <params>
            <param index="0">
              <value>
                <![CDATA[[TestResult name=endtoEndTest status=SUCCESS method=LoginTest.endtoEndTest(java.lang.String,java.lang.String,java.lang.String,java.lang.String,java.lang.String,java.lang.String)[pri:0, instance:tests.LoginTest@7e07db1f] output={null}]]]>
              </value>
            </param>
          </params>
          <reporter-output>
          </reporter-output>
        </test-method> <!-- tearDown -->
        <test-method is-config="true" signature="endReport()[pri:0, instance:tests.LoginTest@7e07db1f]" started-at="2026-02-11T21:44:56 IST" name="endReport" finished-at="2026-02-11T21:44:56 IST" duration-ms="155" status="PASS">
          <reporter-output>
          </reporter-output>
        </test-method> <!-- endReport -->
      </class> <!-- tests.LoginTest -->
    </test> <!-- Default test -->
  </suite> <!-- Default suite -->
</testng-results>
