<?xml version="1.0" encoding="UTF-8"?>
<!-- Generated by org.testng.reporters.JUnitReportReporter -->
<testsuite hostname="Rahul-MacBook-Air.local" failures="0" tests="4" name="tests.LoginTest" time="37.724" errors="0" timestamp="2026-02-11T21:44:56 IST" skipped="0">
  <testcase classname="tests.LoginTest" name="endtoEndTest" time="12.012"/>
  <system-out/>
  <testcase classname="tests.LoginTest" name="endtoEndTest" time="12.098"/>
  <system-out/>
  <testcase classname="tests.LoginTest" name="endtoEndTest" time="12.266"/>
  <system-out/>
  <testcase classname="tests.LoginTest" name="endtoEndTest" time="1.348"/>
  <system-out/>
</testsuite> <!-- tests.LoginTest -->
